<?xml version="1.0" encoding="UTF-8"?>
<!-- Generated by org.testng.reporters.JUnitXMLReporter -->
<testsuite ignored="0" hostname="DESKTOP-9B2JCSO" failures="0" tests="3" name="TestTwo" time="28.731" errors="0" timestamp="2023-12-28T10:40:09 IST">
  <testcase classname="org.testngpractice.FBLogin" name="amazonLaunch" time="21.59"/>
  <testcase classname="org.testngpractice.FBLogin" name="fbLaunch" time="21.749"/>
  <testcase classname="org.testngpractice.FBLogin" name="flipkartLaunch" time="28.312"/>
</testsuite> <!-- TestTwo -->
