<?xml version="1.0" encoding="UTF-8"?>
<testng-results ignored="0" total="3" passed="2" failed="1" skipped="0">
  <reporter-output>
    <line>
      <![CDATA[=======Facebook Launch=========]]>
    </line>
    <line>
      <![CDATA[=======Facebook Launch=========]]>
    </line>
    <line>
      <![CDATA[=======Facebook Launch=========]]>
    </line>
  </reporter-output>
  <suite started-at="2024-01-23T12:36:02 IST" name="Suite" finished-at="2024-01-23T12:36:27 IST" duration-ms="25567">
    <groups>
    </groups>
    <test started-at="2024-01-23T12:36:02 IST" name="TestTwo" finished-at="2024-01-23T12:36:27 IST" duration-ms="25567">
      <class name="org.testngpractice.FBLogin">
        <test-method signature="amazonLaunch()[pri:0, instance:org.testngpractice.FBLogin@47d9a273]" started-at="2024-01-23T12:36:02 IST" name="amazonLaunch" finished-at="2024-01-23T12:36:21 IST" duration-ms="18885" status="PASS">
          <reporter-output>
            <line>
              <![CDATA[=======Facebook Launch=========]]>
            </line>
          </reporter-output>
        </test-method> <!-- amazonLaunch -->
        <test-method signature="flipkartLaunch()[pri:0, instance:org.testngpractice.FBLogin@47d9a273]" started-at="2024-01-23T12:36:02 IST" name="flipkartLaunch" finished-at="2024-01-23T12:36:27 IST" duration-ms="25327" status="PASS">
          <reporter-output>
            <line>
              <![CDATA[=======Facebook Launch=========]]>
            </line>
          </reporter-output>
        </test-method> <!-- flipkartLaunch -->
        <test-method signature="fbLaunch(java.lang.Object,java.lang.Object)[pri:0, instance:org.testngpractice.FBLogin@47d9a273]" started-at="2024-01-23T12:36:02 IST" name="fbLaunch" data-provider="loginData" finished-at="2024-01-23T12:36:15 IST" duration-ms="12707" status="FAIL">
          <params>
            <param index="0">
              <value>
                <![CDATA[Sathish]]>
              </value>
            </param>
            <param index="1">
              <value>
                <![CDATA[Sat@123]]>
              </value>
            </param>
          </params>
          <exception class="org.openqa.selenium.NoSuchElementException">
            <message>
              <![CDATA[no such element: Unable to locate element: {"method":"css selector","selector":"#email"}
  (Session info: MicrosoftEdge=120.0.2210.144)
For documentation on this error, please visit: https://www.selenium.dev/documentation/webdriver/troubleshooting/errors#no-such-element-exception
Build info: version: '4.15.0', revision: '1d14b5521b'
System info: os.name: 'Windows 10', os.arch: 'amd64', os.version: '10.0', java.version: '11.0.16.1'
Driver info: org.openqa.selenium.edge.EdgeDriver
Command: [c7b046d7c5498fcea35411c7bf0cad8c, findElement {using=id, value=email}]
Capabilities {acceptInsecureCerts: false, browserName: MicrosoftEdge, browserVersion: 120.0.2210.144, fedcm:accounts: true, ms:edgeOptions: {debuggerAddress: localhost:59780}, msedge: {msedgedriverVersion: 120.0.2210.144 (cbca972d598..., userDataDir: C:\Users\Lenovo\AppData\Loc...}, networkConnectionEnabled: false, pageLoadStrategy: normal, platformName: windows, proxy: Proxy(), se:cdp: ws://localhost:59780/devtoo..., se:cdpVersion: 120.0.2210.144, setWindowRect: true, strictFileInteractability: false, timeouts: {implicit: 0, pageLoad: 300000, script: 30000}, unhandledPromptBehavior: dismiss and notify, webauthn:extension:credBlob: true, webauthn:extension:largeBlob: true, webauthn:extension:minPinLength: true, webauthn:extension:prf: true, webauthn:virtualAuthenticators: true}
Session ID: c7b046d7c5498fcea35411c7bf0cad8c]]>
            </message>
            <full-stacktrace>
              <![CDATA[org.openqa.selenium.NoSuchElementException: no such element: Unable to locate element: {"method":"css selector","selector":"#email"}
  (Session info: MicrosoftEdge=120.0.2210.144)
For documentation on this error, please visit: https://www.selenium.dev/documentation/webdriver/troubleshooting/errors#no-such-element-exception
Build info: version: '4.15.0', revision: '1d14b5521b'
System info: os.name: 'Windows 10', os.arch: 'amd64', os.version: '10.0', java.version: '11.0.16.1'
Driver info: org.openqa.selenium.edge.EdgeDriver
Command: [c7b046d7c5498fcea35411c7bf0cad8c, findElement {using=id, value=email}]
Capabilities {acceptInsecureCerts: false, browserName: MicrosoftEdge, browserVersion: 120.0.2210.144, fedcm:accounts: true, ms:edgeOptions: {debuggerAddress: localhost:59780}, msedge: {msedgedriverVersion: 120.0.2210.144 (cbca972d598..., userDataDir: C:\Users\Lenovo\AppData\Loc...}, networkConnectionEnabled: false, pageLoadStrategy: normal, platformName: windows, proxy: Proxy(), se:cdp: ws://localhost:59780/devtoo..., se:cdpVersion: 120.0.2210.144, setWindowRect: true, strictFileInteractability: false, timeouts: {implicit: 0, pageLoad: 300000, script: 30000}, unhandledPromptBehavior: dismiss and notify, webauthn:extension:credBlob: true, webauthn:extension:largeBlob: true, webauthn:extension:minPinLength: true, webauthn:extension:prf: true, webauthn:virtualAuthenticators: true}
Session ID: c7b046d7c5498fcea35411c7bf0cad8c
at java.base/jdk.internal.reflect.NativeConstructorAccessorImpl.newInstance0(Native Method)
at java.base/jdk.internal.reflect.NativeConstructorAccessorImpl.newInstance(NativeConstructorAccessorImpl.java:62)
at java.base/jdk.internal.reflect.DelegatingConstructorAccessorImpl.newInstance(DelegatingConstructorAccessorImpl.java:45)
at java.base/java.lang.reflect.Constructor.newInstance(Constructor.java:490)
at org.openqa.selenium.remote.codec.w3c.W3CHttpResponseCodec.createException(W3CHttpResponseCodec.java:200)
at org.openqa.selenium.remote.codec.w3c.W3CHttpResponseCodec.decode(W3CHttpResponseCodec.java:133)
at org.openqa.selenium.remote.codec.w3c.W3CHttpResponseCodec.decode(W3CHttpResponseCodec.java:52)
at org.openqa.selenium.remote.HttpCommandExecutor.execute(HttpCommandExecutor.java:191)
at org.openqa.selenium.remote.service.DriverCommandExecutor.invokeExecute(DriverCommandExecutor.java:200)
at org.openqa.selenium.remote.service.DriverCommandExecutor.execute(DriverCommandExecutor.java:175)
at org.openqa.selenium.remote.RemoteWebDriver.execute(RemoteWebDriver.java:607)
at org.openqa.selenium.remote.ElementLocation$ElementFinder$2.findElement(ElementLocation.java:165)
at org.openqa.selenium.remote.ElementLocation.findElement(ElementLocation.java:66)
at org.openqa.selenium.remote.RemoteWebDriver.findElement(RemoteWebDriver.java:364)
at org.openqa.selenium.remote.RemoteWebDriver.findElement(RemoteWebDriver.java:358)
at org.openqa.selenium.support.pagefactory.DefaultElementLocator.findElement(DefaultElementLocator.java:68)
at org.openqa.selenium.support.pagefactory.internal.LocatingElementHandler.invoke(LocatingElementHandler.java:38)
at com.sun.proxy.$Proxy7.sendKeys(Unknown Source)
at org.base.BaseClass.passValues(BaseClass.java:74)
at org.testngpractice.FBLogin.fbLaunch(FBLogin.java:23)
at java.base/jdk.internal.reflect.NativeMethodAccessorImpl.invoke0(Native Method)
at java.base/jdk.internal.reflect.NativeMethodAccessorImpl.invoke(NativeMethodAccessorImpl.java:62)
at java.base/jdk.internal.reflect.DelegatingMethodAccessorImpl.invoke(DelegatingMethodAccessorImpl.java:43)
at java.base/java.lang.reflect.Method.invoke(Method.java:566)
at org.testng.internal.invokers.MethodInvocationHelper.invokeMethod(MethodInvocationHelper.java:139)
at org.testng.internal.invokers.TestInvoker.invokeMethod(TestInvoker.java:664)
at org.testng.internal.invokers.TestInvoker.invokeTestMethod(TestInvoker.java:227)
at org.testng.internal.invokers.MethodRunner.runInSequence(MethodRunner.java:50)
at org.testng.internal.invokers.TestInvoker$MethodInvocationAgent.invoke(TestInvoker.java:957)
at org.testng.internal.invokers.TestInvoker.invokeTestMethods(TestInvoker.java:200)
at org.testng.internal.invokers.TestMethodWorker.invokeTestMethods(TestMethodWorker.java:148)
at org.testng.internal.invokers.TestMethodWorker.run(TestMethodWorker.java:128)
at java.base/java.util.concurrent.ThreadPoolExecutor.runWorker(ThreadPoolExecutor.java:1128)
at java.base/java.util.concurrent.ThreadPoolExecutor$Worker.run(ThreadPoolExecutor.java:628)
at java.base/java.lang.Thread.run(Thread.java:834)
]]>
            </full-stacktrace>
          </exception> <!-- org.openqa.selenium.NoSuchElementException -->
          <reporter-output>
            <line>
              <![CDATA[=======Facebook Launch=========]]>
            </line>
          </reporter-output>
        </test-method> <!-- fbLaunch -->
      </class> <!-- org.testngpractice.FBLogin -->
    </test> <!-- TestTwo -->
  </suite> <!-- Suite -->
</testng-results>
