<?xml version="1.0" encoding="UTF-8"?>
<testng-results ignored="0" total="1" passed="1" failed="0" skipped="0">
  <reporter-output>
  </reporter-output>
  <suite started-at="2024-01-22T09:56:10 IST" name="Default suite" finished-at="2024-01-22T09:56:21 IST" duration-ms="10747">
    <groups>
      <group name="Sanity">
        <method signature="Sample.tc1()[pri:0, instance:org.testngpractice.Sample@8f2ef19]" name="tc1" class="org.testngpractice.Sample"/>
      </group> <!-- Sanity -->
    </groups>
    <test started-at="2024-01-22T09:56:10 IST" name="Default test" finished-at="2024-01-22T09:56:21 IST" duration-ms="10747">
      <class name="org.testngpractice.Sample">
        <test-method signature="tc1()[pri:0, instance:org.testngpractice.Sample@8f2ef19]" started-at="2024-01-22T09:56:10 IST" name="tc1" finished-at="2024-01-22T09:56:21 IST" duration-ms="10608" status="PASS">
          <reporter-output>
          </reporter-output>
        </test-method> <!-- tc1 -->
      </class> <!-- org.testngpractice.Sample -->
    </test> <!-- Default test -->
  </suite> <!-- Default suite -->
</testng-results>
